<?xml version="1.0" encoding="UTF-8"?>
<testsuite name="PlayListProblem.LibraryTest" tests="1" skipped="0" failures="0" errors="0" timestamp="2023-05-08T09:33:39" hostname="IN-5CG1240NVJ" time="0.029">
  <properties/>
  <testcase name="someLibraryMethodReturnsTrue()" classname="PlayListProblem.LibraryTest" time="0.029"/>
  <system-out><![CDATA[]]></system-out>
  <system-err><![CDATA[]]></system-err>
</testsuite>
