<?xml version="1.0" encoding="UTF-8"?>
<!-- Generated by org.testng.reporters.JUnitReportReporter -->
<testsuite hostname="IN-5CG1240NVJ" failures="0" tests="1" name="PlayListProblem.PlayList" time="11.516" errors="0" timestamp="2023-05-08T15:09:57 IST" skipped="0">
  <testcase classname="PlayListProblem.PlayList" name="testvagrantCodingTest" time="11.516"/>
  <system-out/>
</testsuite> <!-- PlayListProblem.PlayList -->
