<?xml version="1.0" encoding="UTF-8"?>
<!-- Generated by org.testng.reporters.JUnitReportReporter -->
<testsuite hostname="IN-5CG1240NVJ" failures="0" tests="1" name="com.PlayList" time="29.914" errors="0" timestamp="2023-05-08T15:15:37 IST" skipped="0">
  <testcase classname="com.PlayList" name="testvagrantCodingTest" time="29.914"/>
  <system-out/>
</testsuite> <!-- com.PlayList -->
