<?xml version="1.0" encoding="UTF-8"?>
<!-- Generated by org.testng.reporters.JUnitReportReporter -->
<testsuite hostname="IN-5CG1240NVJ" failures="0" tests="1" name="com.testvagrant.PlayList" time="9.551" errors="0" timestamp="2023-05-08T15:21:33 IST" skipped="0">
  <testcase classname="com.testvagrant.PlayList" name="testvagrantCodingTest" time="9.551"/>
  <system-out/>
</testsuite> <!-- com.testvagrant.PlayList -->
